<?xml version="1.0" encoding="UTF-8"?>
<testsuite xmlns:xsi="http://www.w3.org/2001/XMLSchema-instance" xsi:noNamespaceSchemaLocation="https://maven.apache.org/surefire/maven-surefire-plugin/xsd/surefire-test-report.xsd" name="runners.JUnit4Runner" time="15.905" tests="20" errors="0" skipped="0" failures="15">
  <properties>
    <property name="java.specification.version" value="14"/>
    <property name="sun.cpu.isalist" value="amd64"/>
    <property name="sun.jnu.encoding" value="Cp1252"/>
    <property name="java.class.path" value="C:\Users\IT0054\Ina_Yarashevich_maven_AT_project\target\test-classes;C:\Users\IT0054\Ina_Yarashevich_maven_AT_project\target\classes;C:\Users\IT0054\.m2\repository\junit\junit\4.13.2\junit-4.13.2.jar;C:\Users\IT0054\.m2\repository\org\seleniumhq\selenium\selenium-java\3.141.59\selenium-java-3.141.59.jar;C:\Users\IT0054\.m2\repository\org\seleniumhq\selenium\selenium-api\3.141.59\selenium-api-3.141.59.jar;C:\Users\IT0054\.m2\repository\org\seleniumhq\selenium\selenium-ie-driver\3.141.59\selenium-ie-driver-3.141.59.jar;C:\Users\IT0054\.m2\repository\org\seleniumhq\selenium\selenium-opera-driver\3.141.59\selenium-opera-driver-3.141.59.jar;C:\Users\IT0054\.m2\repository\org\seleniumhq\selenium\selenium-remote-driver\3.141.59\selenium-remote-driver-3.141.59.jar;C:\Users\IT0054\.m2\repository\org\seleniumhq\selenium\selenium-safari-driver\3.141.59\selenium-safari-driver-3.141.59.jar;C:\Users\IT0054\.m2\repository\org\seleniumhq\selenium\selenium-support\3.141.59\selenium-support-3.141.59.jar;C:\Users\IT0054\.m2\repository\net\bytebuddy\byte-buddy\1.8.15\byte-buddy-1.8.15.jar;C:\Users\IT0054\.m2\repository\org\apache\commons\commons-exec\1.3\commons-exec-1.3.jar;C:\Users\IT0054\.m2\repository\com\google\guava\guava\25.0-jre\guava-25.0-jre.jar;C:\Users\IT0054\.m2\repository\org\checkerframework\checker-compat-qual\2.0.0\checker-compat-qual-2.0.0.jar;C:\Users\IT0054\.m2\repository\com\google\errorprone\error_prone_annotations\2.1.3\error_prone_annotations-2.1.3.jar;C:\Users\IT0054\.m2\repository\com\google\j2objc\j2objc-annotations\1.1\j2objc-annotations-1.1.jar;C:\Users\IT0054\.m2\repository\org\codehaus\mojo\animal-sniffer-annotations\1.14\animal-sniffer-annotations-1.14.jar;C:\Users\IT0054\.m2\repository\com\squareup\okhttp3\okhttp\3.11.0\okhttp-3.11.0.jar;C:\Users\IT0054\.m2\repository\com\squareup\okio\okio\1.14.0\okio-1.14.0.jar;C:\Users\IT0054\.m2\repository\org\seleniumhq\selenium\selenium-server\3.141.59\selenium-server-3.141.59.jar;C:\Users\IT0054\.m2\repository\com\beust\jcommander\1.72\jcommander-1.72.jar;C:\Users\IT0054\.m2\repository\net\jcip\jcip-annotations\1.0\jcip-annotations-1.0.jar;C:\Users\IT0054\.m2\repository\org\seleniumhq\selenium\jetty-repacked\9.4.12.v20180830\jetty-repacked-9.4.12.v20180830.jar;C:\Users\IT0054\.m2\repository\javax\servlet\javax.servlet-api\3.1.0\javax.servlet-api-3.1.0.jar;C:\Users\IT0054\.m2\repository\org\yaml\snakeyaml\1.19\snakeyaml-1.19.jar;C:\Users\IT0054\.m2\repository\org\seleniumhq\selenium\selenium-chrome-driver\3.141.59\selenium-chrome-driver-3.141.59.jar;C:\Users\IT0054\.m2\repository\com\google\code\gson\gson\2.8.6\gson-2.8.6.jar;C:\Users\IT0054\.m2\repository\org\seleniumhq\selenium\selenium-firefox-driver\3.141.59\selenium-firefox-driver-3.141.59.jar;C:\Users\IT0054\.m2\repository\org\seleniumhq\selenium\selenium-edge-driver\3.141.59\selenium-edge-driver-3.141.59.jar;C:\Users\IT0054\.m2\repository\io\cucumber\cucumber-java\4.8.1\cucumber-java-4.8.1.jar;C:\Users\IT0054\.m2\repository\io\cucumber\cucumber-core\4.8.1\cucumber-core-4.8.1.jar;C:\Users\IT0054\.m2\repository\io\cucumber\gherkin\5.1.0\gherkin-5.1.0.jar;C:\Users\IT0054\.m2\repository\io\cucumber\tag-expressions\1.1.1\tag-expressions-1.1.1.jar;C:\Users\IT0054\.m2\repository\io\cucumber\cucumber-expressions\7.0.2\cucumber-expressions-7.0.2.jar;C:\Users\IT0054\.m2\repository\io\cucumber\datatable\1.1.14\datatable-1.1.14.jar;C:\Users\IT0054\.m2\repository\io\cucumber\datatable-dependencies\1.1.14\datatable-dependencies-1.1.14.jar;C:\Users\IT0054\.m2\repository\org\apiguardian\apiguardian-api\1.1.0\apiguardian-api-1.1.0.jar;C:\Users\IT0054\.m2\repository\org\apache\httpcomponents\httpclient\4.5.13\httpclient-4.5.13.jar;C:\Users\IT0054\.m2\repository\org\apache\httpcomponents\httpcore\4.4.13\httpcore-4.4.13.jar;C:\Users\IT0054\.m2\repository\commons-logging\commons-logging\1.2\commons-logging-1.2.jar;C:\Users\IT0054\.m2\repository\commons-codec\commons-codec\1.11\commons-codec-1.11.jar;C:\Users\IT0054\.m2\repository\io\cucumber\cucumber-junit\4.8.1\cucumber-junit-4.8.1.jar;C:\Users\IT0054\.m2\repository\info\cukes\gherkin\2.12.2\gherkin-2.12.2.jar;C:\Users\IT0054\.m2\repository\org\hamcrest\hamcrest-core\2.2\hamcrest-core-2.2.jar;C:\Users\IT0054\.m2\repository\org\hamcrest\hamcrest\2.2\hamcrest-2.2.jar;C:\Users\IT0054\.m2\repository\commons-io\commons-io\2.11.0\commons-io-2.11.0.jar;C:\Users\IT0054\.m2\repository\org\testng\testng\7.6.0\testng-7.6.0.jar;C:\Users\IT0054\.m2\repository\com\google\code\findbugs\jsr305\3.0.2\jsr305-3.0.2.jar;C:\Users\IT0054\.m2\repository\org\slf4j\slf4j-api\1.7.36\slf4j-api-1.7.36.jar;C:\Users\IT0054\.m2\repository\org\webjars\jquery\3.6.0\jquery-3.6.0.jar;C:\Users\IT0054\.m2\repository\com\sun\mail\javax.mail\1.6.2\javax.mail-1.6.2.jar;C:\Users\IT0054\.m2\repository\javax\activation\activation\1.1\activation-1.1.jar;C:\Users\IT0054\.m2\repository\io\rest-assured\rest-assured\4.4.0\rest-assured-4.4.0.jar;C:\Users\IT0054\.m2\repository\org\codehaus\groovy\groovy\3.0.8\groovy-3.0.8.jar;C:\Users\IT0054\.m2\repository\org\codehaus\groovy\groovy-xml\3.0.8\groovy-xml-3.0.8.jar;C:\Users\IT0054\.m2\repository\org\apache\httpcomponents\httpmime\4.5.13\httpmime-4.5.13.jar;C:\Users\IT0054\.m2\repository\org\ccil\cowan\tagsoup\tagsoup\1.2.1\tagsoup-1.2.1.jar;C:\Users\IT0054\.m2\repository\io\rest-assured\json-path\4.4.0\json-path-4.4.0.jar;C:\Users\IT0054\.m2\repository\org\codehaus\groovy\groovy-json\3.0.8\groovy-json-3.0.8.jar;C:\Users\IT0054\.m2\repository\io\rest-assured\rest-assured-common\4.4.0\rest-assured-common-4.4.0.jar;C:\Users\IT0054\.m2\repository\io\rest-assured\xml-path\4.4.0\xml-path-4.4.0.jar;C:\Users\IT0054\.m2\repository\jakarta\xml\bind\jakarta.xml.bind-api\2.3.3\jakarta.xml.bind-api-2.3.3.jar;C:\Users\IT0054\.m2\repository\jakarta\activation\jakarta.activation-api\1.2.2\jakarta.activation-api-1.2.2.jar;C:\Users\IT0054\.m2\repository\com\sun\xml\bind\jaxb-impl\2.3.3\jaxb-impl-2.3.3.jar;C:\Users\IT0054\.m2\repository\log4j\log4j\1.2.17\log4j-1.2.17.jar;C:\Users\IT0054\.m2\repository\io\appium\java-client\7.5.1\java-client-7.5.1.jar;C:\Users\IT0054\.m2\repository\cglib\cglib\3.3.0\cglib-3.3.0.jar;C:\Users\IT0054\.m2\repository\org\ow2\asm\asm\7.1\asm-7.1.jar;C:\Users\IT0054\.m2\repository\commons-validator\commons-validator\1.7\commons-validator-1.7.jar;C:\Users\IT0054\.m2\repository\commons-digester\commons-digester\2.1\commons-digester-2.1.jar;C:\Users\IT0054\.m2\repository\commons-collections\commons-collections\3.2.2\commons-collections-3.2.2.jar;C:\Users\IT0054\.m2\repository\org\springframework\spring-context\5.3.4\spring-context-5.3.4.jar;C:\Users\IT0054\.m2\repository\org\springframework\spring-aop\5.3.4\spring-aop-5.3.4.jar;C:\Users\IT0054\.m2\repository\org\springframework\spring-beans\5.3.4\spring-beans-5.3.4.jar;C:\Users\IT0054\.m2\repository\org\springframework\spring-core\5.3.4\spring-core-5.3.4.jar;C:\Users\IT0054\.m2\repository\org\springframework\spring-jcl\5.3.4\spring-jcl-5.3.4.jar;C:\Users\IT0054\.m2\repository\org\springframework\spring-expression\5.3.4\spring-expression-5.3.4.jar;C:\Users\IT0054\.m2\repository\org\aspectj\aspectjweaver\1.9.6\aspectjweaver-1.9.6.jar;C:\Users\IT0054\.m2\repository\org\slf4j\slf4j-nop\1.7.36\slf4j-nop-1.7.36.jar;C:\Users\IT0054\.m2\repository\org\apache\commons\commons-lang3\3.12.0\commons-lang3-3.12.0.jar;C:\Users\IT0054\.m2\repository\mysql\mysql-connector-java\8.0.29\mysql-connector-java-8.0.29.jar;C:\Users\IT0054\.m2\repository\com\google\protobuf\protobuf-java\3.19.4\protobuf-java-3.19.4.jar;C:\Users\IT0054\.m2\repository\com\opencsv\opencsv\5.6\opencsv-5.6.jar;C:\Users\IT0054\.m2\repository\org\apache\commons\commons-text\1.9\commons-text-1.9.jar;C:\Users\IT0054\.m2\repository\commons-beanutils\commons-beanutils\1.9.4\commons-beanutils-1.9.4.jar;C:\Users\IT0054\.m2\repository\org\apache\commons\commons-collections4\4.4\commons-collections4-4.4.jar;"/>
    <property name="java.vm.vendor" value="Oracle Corporation"/>
    <property name="sun.arch.data.model" value="64"/>
    <property name="user.variant" value=""/>
    <property name="java.vendor.url" value="https://java.oracle.com/"/>
    <property name="user.timezone" value="Europe/Minsk"/>
    <property name="os.name" value="Windows 10"/>
    <property name="java.vm.specification.version" value="14"/>
    <property name="sun.java.launcher" value="SUN_STANDARD"/>
    <property name="user.country" value="US"/>
    <property name="sun.boot.library.path" value="C:\Program Files\Java\jdk-14\bin"/>
    <property name="sun.java.command" value="C:\Users\IT0054\AppData\Local\Temp\surefire6658944066116570348\surefirebooter15786294616048507721.jar C:\Users\IT0054\AppData\Local\Temp\surefire6658944066116570348 2022-06-10T08-46-50_453-jvmRun1 surefire4456760448315156928tmp surefire_015822550262580417854tmp"/>
    <property name="jdk.debug" value="release"/>
    <property name="surefire.test.class.path" value="C:\Users\IT0054\Ina_Yarashevich_maven_AT_project\target\test-classes;C:\Users\IT0054\Ina_Yarashevich_maven_AT_project\target\classes;C:\Users\IT0054\.m2\repository\junit\junit\4.13.2\junit-4.13.2.jar;C:\Users\IT0054\.m2\repository\org\seleniumhq\selenium\selenium-java\3.141.59\selenium-java-3.141.59.jar;C:\Users\IT0054\.m2\repository\org\seleniumhq\selenium\selenium-api\3.141.59\selenium-api-3.141.59.jar;C:\Users\IT0054\.m2\repository\org\seleniumhq\selenium\selenium-ie-driver\3.141.59\selenium-ie-driver-3.141.59.jar;C:\Users\IT0054\.m2\repository\org\seleniumhq\selenium\selenium-opera-driver\3.141.59\selenium-opera-driver-3.141.59.jar;C:\Users\IT0054\.m2\repository\org\seleniumhq\selenium\selenium-remote-driver\3.141.59\selenium-remote-driver-3.141.59.jar;C:\Users\IT0054\.m2\repository\org\seleniumhq\selenium\selenium-safari-driver\3.141.59\selenium-safari-driver-3.141.59.jar;C:\Users\IT0054\.m2\repository\org\seleniumhq\selenium\selenium-support\3.141.59\selenium-support-3.141.59.jar;C:\Users\IT0054\.m2\repository\net\bytebuddy\byte-buddy\1.8.15\byte-buddy-1.8.15.jar;C:\Users\IT0054\.m2\repository\org\apache\commons\commons-exec\1.3\commons-exec-1.3.jar;C:\Users\IT0054\.m2\repository\com\google\guava\guava\25.0-jre\guava-25.0-jre.jar;C:\Users\IT0054\.m2\repository\org\checkerframework\checker-compat-qual\2.0.0\checker-compat-qual-2.0.0.jar;C:\Users\IT0054\.m2\repository\com\google\errorprone\error_prone_annotations\2.1.3\error_prone_annotations-2.1.3.jar;C:\Users\IT0054\.m2\repository\com\google\j2objc\j2objc-annotations\1.1\j2objc-annotations-1.1.jar;C:\Users\IT0054\.m2\repository\org\codehaus\mojo\animal-sniffer-annotations\1.14\animal-sniffer-annotations-1.14.jar;C:\Users\IT0054\.m2\repository\com\squareup\okhttp3\okhttp\3.11.0\okhttp-3.11.0.jar;C:\Users\IT0054\.m2\repository\com\squareup\okio\okio\1.14.0\okio-1.14.0.jar;C:\Users\IT0054\.m2\repository\org\seleniumhq\selenium\selenium-server\3.141.59\selenium-server-3.141.59.jar;C:\Users\IT0054\.m2\repository\com\beust\jcommander\1.72\jcommander-1.72.jar;C:\Users\IT0054\.m2\repository\net\jcip\jcip-annotations\1.0\jcip-annotations-1.0.jar;C:\Users\IT0054\.m2\repository\org\seleniumhq\selenium\jetty-repacked\9.4.12.v20180830\jetty-repacked-9.4.12.v20180830.jar;C:\Users\IT0054\.m2\repository\javax\servlet\javax.servlet-api\3.1.0\javax.servlet-api-3.1.0.jar;C:\Users\IT0054\.m2\repository\org\yaml\snakeyaml\1.19\snakeyaml-1.19.jar;C:\Users\IT0054\.m2\repository\org\seleniumhq\selenium\selenium-chrome-driver\3.141.59\selenium-chrome-driver-3.141.59.jar;C:\Users\IT0054\.m2\repository\com\google\code\gson\gson\2.8.6\gson-2.8.6.jar;C:\Users\IT0054\.m2\repository\org\seleniumhq\selenium\selenium-firefox-driver\3.141.59\selenium-firefox-driver-3.141.59.jar;C:\Users\IT0054\.m2\repository\org\seleniumhq\selenium\selenium-edge-driver\3.141.59\selenium-edge-driver-3.141.59.jar;C:\Users\IT0054\.m2\repository\io\cucumber\cucumber-java\4.8.1\cucumber-java-4.8.1.jar;C:\Users\IT0054\.m2\repository\io\cucumber\cucumber-core\4.8.1\cucumber-core-4.8.1.jar;C:\Users\IT0054\.m2\repository\io\cucumber\gherkin\5.1.0\gherkin-5.1.0.jar;C:\Users\IT0054\.m2\repository\io\cucumber\tag-expressions\1.1.1\tag-expressions-1.1.1.jar;C:\Users\IT0054\.m2\repository\io\cucumber\cucumber-expressions\7.0.2\cucumber-expressions-7.0.2.jar;C:\Users\IT0054\.m2\repository\io\cucumber\datatable\1.1.14\datatable-1.1.14.jar;C:\Users\IT0054\.m2\repository\io\cucumber\datatable-dependencies\1.1.14\datatable-dependencies-1.1.14.jar;C:\Users\IT0054\.m2\repository\org\apiguardian\apiguardian-api\1.1.0\apiguardian-api-1.1.0.jar;C:\Users\IT0054\.m2\repository\org\apache\httpcomponents\httpclient\4.5.13\httpclient-4.5.13.jar;C:\Users\IT0054\.m2\repository\org\apache\httpcomponents\httpcore\4.4.13\httpcore-4.4.13.jar;C:\Users\IT0054\.m2\repository\commons-logging\commons-logging\1.2\commons-logging-1.2.jar;C:\Users\IT0054\.m2\repository\commons-codec\commons-codec\1.11\commons-codec-1.11.jar;C:\Users\IT0054\.m2\repository\io\cucumber\cucumber-junit\4.8.1\cucumber-junit-4.8.1.jar;C:\Users\IT0054\.m2\repository\info\cukes\gherkin\2.12.2\gherkin-2.12.2.jar;C:\Users\IT0054\.m2\repository\org\hamcrest\hamcrest-core\2.2\hamcrest-core-2.2.jar;C:\Users\IT0054\.m2\repository\org\hamcrest\hamcrest\2.2\hamcrest-2.2.jar;C:\Users\IT0054\.m2\repository\commons-io\commons-io\2.11.0\commons-io-2.11.0.jar;C:\Users\IT0054\.m2\repository\org\testng\testng\7.6.0\testng-7.6.0.jar;C:\Users\IT0054\.m2\repository\com\google\code\findbugs\jsr305\3.0.2\jsr305-3.0.2.jar;C:\Users\IT0054\.m2\repository\org\slf4j\slf4j-api\1.7.36\slf4j-api-1.7.36.jar;C:\Users\IT0054\.m2\repository\org\webjars\jquery\3.6.0\jquery-3.6.0.jar;C:\Users\IT0054\.m2\repository\com\sun\mail\javax.mail\1.6.2\javax.mail-1.6.2.jar;C:\Users\IT0054\.m2\repository\javax\activation\activation\1.1\activation-1.1.jar;C:\Users\IT0054\.m2\repository\io\rest-assured\rest-assured\4.4.0\rest-assured-4.4.0.jar;C:\Users\IT0054\.m2\repository\org\codehaus\groovy\groovy\3.0.8\groovy-3.0.8.jar;C:\Users\IT0054\.m2\repository\org\codehaus\groovy\groovy-xml\3.0.8\groovy-xml-3.0.8.jar;C:\Users\IT0054\.m2\repository\org\apache\httpcomponents\httpmime\4.5.13\httpmime-4.5.13.jar;C:\Users\IT0054\.m2\repository\org\ccil\cowan\tagsoup\tagsoup\1.2.1\tagsoup-1.2.1.jar;C:\Users\IT0054\.m2\repository\io\rest-assured\json-path\4.4.0\json-path-4.4.0.jar;C:\Users\IT0054\.m2\repository\org\codehaus\groovy\groovy-json\3.0.8\groovy-json-3.0.8.jar;C:\Users\IT0054\.m2\repository\io\rest-assured\rest-assured-common\4.4.0\rest-assured-common-4.4.0.jar;C:\Users\IT0054\.m2\repository\io\rest-assured\xml-path\4.4.0\xml-path-4.4.0.jar;C:\Users\IT0054\.m2\repository\jakarta\xml\bind\jakarta.xml.bind-api\2.3.3\jakarta.xml.bind-api-2.3.3.jar;C:\Users\IT0054\.m2\repository\jakarta\activation\jakarta.activation-api\1.2.2\jakarta.activation-api-1.2.2.jar;C:\Users\IT0054\.m2\repository\com\sun\xml\bind\jaxb-impl\2.3.3\jaxb-impl-2.3.3.jar;C:\Users\IT0054\.m2\repository\log4j\log4j\1.2.17\log4j-1.2.17.jar;C:\Users\IT0054\.m2\repository\io\appium\java-client\7.5.1\java-client-7.5.1.jar;C:\Users\IT0054\.m2\repository\cglib\cglib\3.3.0\cglib-3.3.0.jar;C:\Users\IT0054\.m2\repository\org\ow2\asm\asm\7.1\asm-7.1.jar;C:\Users\IT0054\.m2\repository\commons-validator\commons-validator\1.7\commons-validator-1.7.jar;C:\Users\IT0054\.m2\repository\commons-digester\commons-digester\2.1\commons-digester-2.1.jar;C:\Users\IT0054\.m2\repository\commons-collections\commons-collections\3.2.2\commons-collections-3.2.2.jar;C:\Users\IT0054\.m2\repository\org\springframework\spring-context\5.3.4\spring-context-5.3.4.jar;C:\Users\IT0054\.m2\repository\org\springframework\spring-aop\5.3.4\spring-aop-5.3.4.jar;C:\Users\IT0054\.m2\repository\org\springframework\spring-beans\5.3.4\spring-beans-5.3.4.jar;C:\Users\IT0054\.m2\repository\org\springframework\spring-core\5.3.4\spring-core-5.3.4.jar;C:\Users\IT0054\.m2\repository\org\springframework\spring-jcl\5.3.4\spring-jcl-5.3.4.jar;C:\Users\IT0054\.m2\repository\org\springframework\spring-expression\5.3.4\spring-expression-5.3.4.jar;C:\Users\IT0054\.m2\repository\org\aspectj\aspectjweaver\1.9.6\aspectjweaver-1.9.6.jar;C:\Users\IT0054\.m2\repository\org\slf4j\slf4j-nop\1.7.36\slf4j-nop-1.7.36.jar;C:\Users\IT0054\.m2\repository\org\apache\commons\commons-lang3\3.12.0\commons-lang3-3.12.0.jar;C:\Users\IT0054\.m2\repository\mysql\mysql-connector-java\8.0.29\mysql-connector-java-8.0.29.jar;C:\Users\IT0054\.m2\repository\com\google\protobuf\protobuf-java\3.19.4\protobuf-java-3.19.4.jar;C:\Users\IT0054\.m2\repository\com\opencsv\opencsv\5.6\opencsv-5.6.jar;C:\Users\IT0054\.m2\repository\org\apache\commons\commons-text\1.9\commons-text-1.9.jar;C:\Users\IT0054\.m2\repository\commons-beanutils\commons-beanutils\1.9.4\commons-beanutils-1.9.4.jar;C:\Users\IT0054\.m2\repository\org\apache\commons\commons-collections4\4.4\commons-collections4-4.4.jar;"/>
    <property name="sun.cpu.endian" value="little"/>
    <property name="user.home" value="C:\Users\IT0054"/>
    <property name="user.language" value="en"/>
    <property name="java.specification.vendor" value="Oracle Corporation"/>
    <property name="java.version.date" value="2020-03-17"/>
    <property name="java.home" value="C:\Program Files\Java\jdk-14"/>
    <property name="file.separator" value="\"/>
    <property name="basedir" value="C:\Users\IT0054\Ina_Yarashevich_maven_AT_project"/>
    <property name="java.vm.compressedOopsMode" value="32-bit"/>
    <property name="line.separator" value="&#10;"/>
    <property name="java.vm.specification.vendor" value="Oracle Corporation"/>
    <property name="java.specification.name" value="Java Platform API Specification"/>
    <property name="surefire.real.class.path" value="C:\Users\IT0054\AppData\Local\Temp\surefire6658944066116570348\surefirebooter15786294616048507721.jar"/>
    <property name="user.script" value=""/>
    <property name="sun.management.compiler" value="HotSpot 64-Bit Tiered Compilers"/>
    <property name="java.runtime.version" value="14+36-1461"/>
    <property name="user.name" value="IT0054"/>
    <property name="path.separator" value=";"/>
    <property name="os.version" value="10.0"/>
    <property name="java.runtime.name" value="Java(TM) SE Runtime Environment"/>
    <property name="file.encoding" value="Cp1252"/>
    <property name="java.vm.name" value="Java HotSpot(TM) 64-Bit Server VM"/>
    <property name="localRepository" value="C:\Users\IT0054\.m2\repository"/>
    <property name="java.vendor.url.bug" value="https://bugreport.java.com/bugreport/"/>
    <property name="java.io.tmpdir" value="C:\Users\IT0054\AppData\Local\Temp\"/>
    <property name="java.version" value="14"/>
    <property name="user.dir" value="C:\Users\IT0054\Ina_Yarashevich_maven_AT_project"/>
    <property name="os.arch" value="amd64"/>
    <property name="java.vm.specification.name" value="Java Virtual Machine Specification"/>
    <property name="sun.os.patch.level" value=""/>
    <property name="java.library.path" value="C:\Program Files\Java\jdk-14\bin;C:\WINDOWS\Sun\Java\bin;C:\WINDOWS\system32;C:\WINDOWS;C:\WINDOWS\system32;C:\WINDOWS;C:\WINDOWS\System32\Wbem;C:\WINDOWS\System32\WindowsPowerShell\v1.0\;C:\Program Files\nodejs\;C:\Program Files\OpenVPN\bin;C:\Program Files\PowerShell\7\;C:\Program Files (x86)\Microsoft SQL Server\150\DTS\Binn\;C:\Program Files\Microsoft SQL Server\Client SDK\ODBC\170\Tools\Binn\;C:\Program Files (x86)\Microsoft SQL Server\150\Tools\Binn\;C:\Program Files\Microsoft SQL Server\150\Tools\Binn\;C:\Program Files\Microsoft SQL Server\150\DTS\Binn\;C:\Program Files\Java\jdk-14\bin;C:\Program Files\Git\cmd;C:\WINDOWS\System32\OpenSSH\;C:\Program Files\dotnet\;C:\Program Files (x86)\dotnet\;D:\webdrivers\;C:\Users\IT0054\AppData\Local\Programs\Python\Python310;C:\Users\IT0054\scoop\shims;C:\Users\IT0054\AppData\Local\Microsoft\WindowsApps;C:\Users\IT0054\AppData\Local\Programs\Fiddler;C:\Users\IT0054\AppData\Roaming\npm;C:\Users\IT0054\AppData\Local\Android\Sdk\tools;C:\Users\IT0054\AppData\Local\Android\Sdk\tools\bin;C:\Users\IT0054\AppData\Local\Android\Sdk\platform-tools;C:\Users\IT0054\.dotnet\tools;C:\Users\IT0054\Desktop\ForwardlaneSmokeTest\Scripts;C:\Program Files\Azure Data Studio\bin;C:\Program Files\Java\jdk-14\bin;C:\Program Files (x86)\BrowserStackLocal\;C:\Users\IT0054\.dotnet\tools;C:\Users\IT0054\apache-maven-3.8.5\bin;C:\Program Files\JetBrains\WebStorm 2022.1\bin;;C:\Users\IT0054\AppData\Local\Programs\Python\Python310;;."/>
    <property name="java.vm.info" value="mixed mode, sharing"/>
    <property name="java.vendor" value="Oracle Corporation"/>
    <property name="java.vm.version" value="14+36-1461"/>
    <property name="sun.io.unicode.encoding" value="UnicodeLittle"/>
    <property name="java.class.version" value="58.0"/>
  </properties>
  <testcase name="searchByPartialNameLongTest on searchByPartialNameLongTest(tests.api.SearchTest)" classname="tests.api.SearchTest" time="1.052"/>
  <testcase name="searchByPartialNameShortTest on searchByPartialNameShortTest(tests.api.SearchTest)" classname="tests.api.SearchTest" time="0.204"/>
  <testcase name="searchAllUsersTest on searchAllUsersTest(tests.api.SearchTest)" classname="tests.api.SearchTest" time="0.216"/>
  <testcase name="searchByFullNameShortTest on searchByFullNameShortTest(tests.api.SearchTest)" classname="tests.api.SearchTest" time="0.206"/>
  <testcase name="searchByFullNameLongTest on searchByFullNameLongTest(tests.api.SearchTest)" classname="tests.api.SearchTest" time="0.223"/>
  <testcase name="fetchMultipleRandomJokesResponseValueTest on fetchMultipleRandomJokesResponseValueTest(tests.api.JokesTestSuite)" classname="tests.api.JokesTestSuite" time="4.19">
    <failure message="Cannot parse object because no supported Content-Type was specified in response. Content-Type was &apos;text/html; charset=utf-8&apos;." type="java.lang.IllegalStateException">java.lang.IllegalStateException: Cannot parse object because no supported Content-Type was specified in response. Content-Type was 'text/html; charset=utf-8'.
	at tests.api.JokesTestSuite.fetchMultipleRandomJokesResponseValueTest(JokesTestSuite.java:163)
</failure>
    <system-out><![CDATA[2022-06-10 08:46:56 INFO  JokesTestSuite:37 - Starting the tests
2022-06-10 08:46:58 INFO  JokesTestSuite:257 - Tests finished.
]]></system-out>
  </testcase>
  <testcase name="fetchTheNumberOfJokesTypeTest on fetchTheNumberOfJokesTypeTest(tests.api.JokesTestSuite)" classname="tests.api.JokesTestSuite" time="0.913">
    <failure message="Cannot parse object because no supported Content-Type was specified in response. Content-Type was &apos;text/html; charset=utf-8&apos;." type="java.lang.IllegalStateException">java.lang.IllegalStateException: Cannot parse object because no supported Content-Type was specified in response. Content-Type was 'text/html; charset=utf-8'.
	at tests.api.JokesTestSuite.fetchTheNumberOfJokesTypeTest(JokesTestSuite.java:234)
</failure>
    <system-out><![CDATA[2022-06-10 08:46:58 INFO  JokesTestSuite:37 - Starting the tests
HTTP/1.1 404 Not Found
server: nginx
date: Fri, 10 Jun 2022 05:46:59 GMT
content-type: text/html; charset=utf-8
transfer-encoding: chunked
vary: Accept-Encoding
x-tenant: com
x-shop-environment: prod
x-language: de
location: /jokes/count/
x-envoy-upstream-service-time: 61
set-cookie: first-impression=false; path=/; expires=Sat, 11 Jun 2022 05:46:59 GMT; secure
x-varnish: 550414929
age: 0
set-cookie: first-impression=false; path=/; expires=Sat, 11 Jun 2022 05:46:59 GMT; secure
set-cookie: feature-flag-user-token=9e72a037-deac-4323-ae3f-66ede9d32094; path=/; expires=Sun, 10 Jul 2022 05:46:59 GMT; secure; httponly
set-cookie: feature-flag-targeting={"browser-family":"Apache-HttpClient","browser-version":"4.5.13","device":"desktop","expa":"","isInternalIP":false,"tenant":"com"}; path=/; expires=Fri, 10 Jun 2022 06:46:59 GMT; secure
set-cookie: feature-flag-cookie={"ad-ba":{"e":true,"v":{"v_name":"v1"}},"ad-se":{"e":true,"v":{"v_name":"v1"}},"ad-server":{"e":true,"v":{"v_name":"kevel"}},"ad-xs":{"e":true,"v":{"v_name":"v1"}},"cro-755":{"e":true,"v":{"v_name":"v2"}},"cro-784":{"e":true,"v":{"v_name":"variation_1"}},"cro-822":{"e":true,"v":{"v_name":"v2"}},"cro-929":{"e":true,"v":{"v_name":"v2"}},"release-switch":{"e":true,"v":{"cart-cta-delayed":false,"erx":true,"marketplace":true,"mp-cross-sell":false,"now":true,"sae-only":true,"v_name":""}},"wsssh-188":{"e":true,"v":{"v_name":"v1"}},"wsssh-263":{"e":true,"v":{"v_name":"v1"}}}; path=/; expires=Fri, 10 Jun 2022 06:46:59 GMT; secure
set-cookie: auth=eyJhbGciOiJSUzM4NCJ9.eyJzdWIiOiJHVUVTVCIsInJvbGUiOiJHVUVTVCIsInRlbmFudCI6ImNvbSIsInR5cGUiOiJBQ0NFU1MiLCJrZXlWZXJzaW9uIjoiZjIyNzBlODktYjhiYy00NTgwLTkwNjAtNTkwZjEzYmI5MjIxIiwiZGV2aWNlVHlwZSI6ImJyb3dzZXIiLCJleHAiOjE2ODYzOTY5NTksImV4cFJlZnJlc2giOiIyMDIzLTA2LTEwVDExOjM1OjU5LjI4NFoiLCJleHBTZW5zaXRpdmUiOiIyMDIzLTA2LTEwVDExOjM1OjU5LjI4NFoiLCJqdGkiOiJlYWVhNjU3Yy1lZmY3LTQ2YzEtOTk3Mi0xZTY3MjFlZmU1YjEiLCJpc3MiOiJhdXRoLnJlZHRlY2xhYi5jb20iLCJpYXQiOjE2NTQ4NDAwMTl9.GIAXCv4DfZNFTVKpla_e5UQzBvXVYoeBzsqCva82bAjr99RsFZ1cp-xpiHES4NOJ_6WY7zsQ2jr5dQDo-j8_rSgPIN1OEaFSU0fZNh0mJguWw2Gf4SM4MlWKWITNakoTsYM0Nn7jkOhMUCRQxsyA_RMNwYjHf02Cxol9ipuhAfNJHquK4JOtzk_8BZ1sWJQaHVcGkom6jdxVtBtviR8p-AMfQiM5o73t49WJTMjsoqNNVMjZIYiihOueCR5t5wjrNIbZWsv41dvKiq4dy5Daju0OJZL_lbVsOise22OF-lmZTQAzmTQTbjD3Ugfnc5Xk4geAzGm3rFpe0HcQcrHjwdh2e_e6YCofFaftgbt5Caz8lJAWW5XjLhfhPof02n9GtXWT-gC_q8Al2Df67Rc8GHdf-_4WFV9szFoSJC29TELlLVFGbsn_v-JnPDJKiQEGwicmyidSNpu6ogHDHI6l_RkeYKR36ePZEy4MMxeOnmAnX7eMNQlzDMycM2ahn-EN; path=/; expires=Sat, 11 Jun 2022 05:46:59 GMT; samesite=lax; secure; httponly
x-forwarded-path: /jokes/count
x-cache: MISS
cache-control: no-cache, no-store, must-revalidate
expires: 0
content-encoding: gzip
strict-transport-security: max-age=31536000; includeSubDomains; preload;

<html>
  <body>{"error":"Content is not found for \"%2Fjokes%2Fcount\" path"}</body>
</html>
2022-06-10 08:46:59 INFO  JokesTestSuite:257 - Tests finished.
]]></system-out>
  </testcase>
  <testcase name="changeTheNameOfTheMainCharacterResponseTest on changeTheNameOfTheMainCharacterResponseTest(tests.api.JokesTestSuite)" classname="tests.api.JokesTestSuite" time="0.498">
    <failure message="Cannot parse object because no supported Content-Type was specified in response. Content-Type was &apos;text/html; charset=utf-8&apos;." type="java.lang.IllegalStateException">java.lang.IllegalStateException: Cannot parse object because no supported Content-Type was specified in response. Content-Type was 'text/html; charset=utf-8'.
	at tests.api.JokesTestSuite.changeTheNameOfTheMainCharacterResponseTest(JokesTestSuite.java:105)
</failure>
    <system-out><![CDATA[2022-06-10 08:46:59 INFO  JokesTestSuite:37 - Starting the tests
2022-06-10 08:47:00 INFO  JokesTestSuite:257 - Tests finished.
]]></system-out>
  </testcase>
  <testcase name="fetchRandomJokeStatusCodeTest on fetchRandomJokeStatusCodeTest(tests.api.JokesTestSuite)" classname="tests.api.JokesTestSuite" time="0.65">
    <failure message="1 expectation failed.&#10;Expected status code &lt;200&gt; but was &lt;404&gt;.&#10;" type="java.lang.AssertionError"><![CDATA[java.lang.AssertionError: 
1 expectation failed.
Expected status code <200> but was <404>.

	at tests.api.JokesTestSuite.fetchRandomJokeStatusCodeTest(JokesTestSuite.java:47)
]]></failure>
    <system-out><![CDATA[2022-06-10 08:47:00 INFO  JokesTestSuite:37 - Starting the tests
2022-06-10 08:47:00 INFO  JokesTestSuite:257 - Tests finished.
]]></system-out>
  </testcase>
  <testcase name="changeTheNameOfTheMainCharacterTextTest on changeTheNameOfTheMainCharacterTextTest(tests.api.JokesTestSuite)" classname="tests.api.JokesTestSuite" time="1.504">
    <failure type="java.lang.NullPointerException">java.lang.NullPointerException
	at tests.api.JokesTestSuite.changeTheNameOfTheMainCharacterTextTest(JokesTestSuite.java:125)
</failure>
    <system-out><![CDATA[2022-06-10 08:47:00 INFO  JokesTestSuite:37 - Starting the tests
2022-06-10 08:47:02 INFO  JokesTestSuite:257 - Tests finished.
]]></system-out>
  </testcase>
  <testcase name="fetchMultipleRandomJokesResponseBodyTest on fetchMultipleRandomJokesResponseBodyTest(tests.api.JokesTestSuite)" classname="tests.api.JokesTestSuite" time="0.433">
    <failure message="Cannot parse object because no supported Content-Type was specified in response. Content-Type was &apos;text/html; charset=utf-8&apos;." type="java.lang.IllegalStateException">java.lang.IllegalStateException: Cannot parse object because no supported Content-Type was specified in response. Content-Type was 'text/html; charset=utf-8'.
	at tests.api.JokesTestSuite.fetchMultipleRandomJokesResponseBodyTest(JokesTestSuite.java:150)
</failure>
    <system-out><![CDATA[2022-06-10 08:47:02 INFO  JokesTestSuite:37 - Starting the tests
2022-06-10 08:47:02 INFO  JokesTestSuite:257 - Tests finished.
]]></system-out>
  </testcase>
  <testcase name="fetchSpecificJokeTextTest on fetchSpecificJokeTextTest(tests.api.JokesTestSuite)" classname="tests.api.JokesTestSuite" time="0.547">
    <failure type="java.lang.NullPointerException">java.lang.NullPointerException
	at tests.api.JokesTestSuite.fetchSpecificJokeTextTest(JokesTestSuite.java:207)
</failure>
    <system-out><![CDATA[2022-06-10 08:47:02 INFO  JokesTestSuite:37 - Starting the tests
2022-06-10 08:47:03 INFO  JokesTestSuite:257 - Tests finished.
]]></system-out>
  </testcase>
  <testcase name="fetchMultipleRandomJokesStatusCodeTest on fetchMultipleRandomJokesStatusCodeTest(tests.api.JokesTestSuite)" classname="tests.api.JokesTestSuite" time="0.426">
    <failure message="1 expectation failed.&#10;Expected status code &lt;200&gt; but was &lt;404&gt;.&#10;" type="java.lang.AssertionError"><![CDATA[java.lang.AssertionError: 
1 expectation failed.
Expected status code <200> but was <404>.

	at tests.api.JokesTestSuite.fetchMultipleRandomJokesStatusCodeTest(JokesTestSuite.java:137)
]]></failure>
    <system-out><![CDATA[2022-06-10 08:47:03 INFO  JokesTestSuite:37 - Starting the tests
2022-06-10 08:47:03 INFO  JokesTestSuite:257 - Tests finished.
]]></system-out>
  </testcase>
  <testcase name="fetchTheNumberOfJokesQuantityTest on fetchTheNumberOfJokesQuantityTest(tests.api.JokesTestSuite)" classname="tests.api.JokesTestSuite" time="0.476">
    <failure message="Cannot parse object because no supported Content-Type was specified in response. Content-Type was &apos;text/html; charset=utf-8&apos;." type="java.lang.IllegalStateException">java.lang.IllegalStateException: Cannot parse object because no supported Content-Type was specified in response. Content-Type was 'text/html; charset=utf-8'.
	at tests.api.JokesTestSuite.fetchTheNumberOfJokesQuantityTest(JokesTestSuite.java:251)
</failure>
    <system-out><![CDATA[2022-06-10 08:47:03 INFO  JokesTestSuite:37 - Starting the tests
HTTP/1.1 404 Not Found
server: nginx
date: Fri, 10 Jun 2022 05:47:04 GMT
content-type: text/html; charset=utf-8
transfer-encoding: chunked
vary: Accept-Encoding
x-tenant: com
x-shop-environment: prod
x-language: de
location: /jokes/count/
x-envoy-upstream-service-time: 74
set-cookie: first-impression=false; path=/; expires=Sat, 11 Jun 2022 05:47:04 GMT; secure
x-varnish: 548090076
age: 0
set-cookie: first-impression=false; path=/; expires=Sat, 11 Jun 2022 05:47:04 GMT; secure
set-cookie: feature-flag-user-token=311840d0-1a55-45ca-b8d2-e8de9b3f9f8d; path=/; expires=Sun, 10 Jul 2022 05:47:04 GMT; secure; httponly
set-cookie: feature-flag-targeting={"browser-family":"Apache-HttpClient","browser-version":"4.5.13","device":"desktop","expa":"","isInternalIP":false,"tenant":"com"}; path=/; expires=Fri, 10 Jun 2022 06:47:04 GMT; secure
set-cookie: feature-flag-cookie={"ad-ba":{"e":true,"v":{"v_name":"v1"}},"ad-se":{"e":true,"v":{"v_name":"v1"}},"ad-xs":{"e":true,"v":{"v_name":"v1"}},"cro-755":{"e":true,"v":{"v_name":"v2"}},"cro-784":{"e":true,"v":{"v_name":"variation_1"}},"cro-822":{"e":true,"v":{"v_name":"v2"}},"cro-929":{"e":true,"v":{"v_name":"default"}},"release-switch":{"e":true,"v":{"cart-cta-delayed":false,"erx":true,"marketplace":true,"mp-cross-sell":false,"now":true,"sae-only":true,"v_name":""}},"wsssh-188":{"e":true,"v":{"v_name":"v1"}}}; path=/; expires=Fri, 10 Jun 2022 06:47:04 GMT; secure
set-cookie: auth=eyJhbGciOiJSUzM4NCJ9.eyJzdWIiOiJHVUVTVCIsInJvbGUiOiJHVUVTVCIsInRlbmFudCI6ImNvbSIsInR5cGUiOiJBQ0NFU1MiLCJrZXlWZXJzaW9uIjoiZjIyNzBlODktYjhiYy00NTgwLTkwNjAtNTkwZjEzYmI5MjIxIiwiZGV2aWNlVHlwZSI6ImJyb3dzZXIiLCJleHAiOjE2ODYzOTY5NjQsImV4cFJlZnJlc2giOiIyMDIzLTA2LTEwVDExOjM2OjA0LjE5NFoiLCJleHBTZW5zaXRpdmUiOiIyMDIzLTA2LTEwVDExOjM2OjA0LjE5NFoiLCJqdGkiOiIxNGJmMTZkYS1lOTIwLTQ0ZTQtODViMi01NDNhMGZlZmU1MDMiLCJpc3MiOiJhdXRoLnJlZHRlY2xhYi5jb20iLCJpYXQiOjE2NTQ4NDAwMjR9.ecLVB9tFNJ66lmeUUTKWLuQHqlmmq5HOPBijYCPH--_E8xoBPV7ro2rTyfhflqECOzDKV0ZlJXyr7_gX7QDSqVv2PMvEc18QW_4CQptvnStugYLVgscJgYJcld1nlMTMqBDchXiyyW820HwbaOe2AQ3swut4r_d73RfJuGATwohGY7kxqJ8aUaz3cSgOOn5Snd8VfUmARCMprlDfrocRkfYFaL8UZy7oLmZnFUB3VKFsdPw-2E2i-ZL8T0c-oZ5ASmQcnP8d-FFFvrJDp8KzGefK_ZBbVllBivzRcVm9nFX5if6LYWhV_Tphxk9SAgKpBSiCABoUOX8Rhyuph_CwByiA3AS5K0o6T-YdFx8BiQYxOmtItYZT8jO_xOOYy0U0ysqGUkdmz4kywt7_yGSQNXOj_fEDWrSV_qlrJpYD4JOvP2TNRReOOdDyzYe1whxfc_UHqkc0aSZyuvsK9c5uzJSE7xfI7mq5pAu4ECE17VTMiKhxnKLKoN6akyHQH01Z; path=/; expires=Sat, 11 Jun 2022 05:47:04 GMT; samesite=lax; secure; httponly
x-forwarded-path: /jokes/count
x-cache: MISS
cache-control: no-cache, no-store, must-revalidate
expires: 0
content-encoding: gzip
strict-transport-security: max-age=31536000; includeSubDomains; preload;

<html>
  <body>{"error":"Content is not found for \"%2Fjokes%2Fcount\" path"}</body>
</html>
2022-06-10 08:47:04 INFO  JokesTestSuite:257 - Tests finished.
]]></system-out>
  </testcase>
  <testcase name="fetchTheNumberOfJokesStatusCodeTest on fetchTheNumberOfJokesStatusCodeTest(tests.api.JokesTestSuite)" classname="tests.api.JokesTestSuite" time="0.418">
    <failure message="1 expectation failed.&#10;Expected status code &lt;200&gt; but was &lt;404&gt;.&#10;" type="java.lang.AssertionError"><![CDATA[java.lang.AssertionError: 
1 expectation failed.
Expected status code <200> but was <404>.

	at tests.api.JokesTestSuite.fetchTheNumberOfJokesStatusCodeTest(JokesTestSuite.java:218)
]]></failure>
    <system-out><![CDATA[2022-06-10 08:47:04 INFO  JokesTestSuite:37 - Starting the tests
2022-06-10 08:47:04 INFO  JokesTestSuite:257 - Tests finished.
]]></system-out>
  </testcase>
  <testcase name="fetchRandomJokeResponseValueTest on fetchRandomJokeResponseValueTest(tests.api.JokesTestSuite)" classname="tests.api.JokesTestSuite" time="0.656">
    <failure message="Cannot parse object because no supported Content-Type was specified in response. Content-Type was &apos;text/html; charset=utf-8&apos;." type="java.lang.IllegalStateException">java.lang.IllegalStateException: Cannot parse object because no supported Content-Type was specified in response. Content-Type was 'text/html; charset=utf-8'.
	at tests.api.JokesTestSuite.fetchRandomJokeResponseValueTest(JokesTestSuite.java:73)
</failure>
    <system-out><![CDATA[2022-06-10 08:47:04 INFO  JokesTestSuite:37 - Starting the tests
2022-06-10 08:47:05 INFO  JokesTestSuite:257 - Tests finished.
]]></system-out>
  </testcase>
  <testcase name="fetchSpecificJokeStatusCodeTest on fetchSpecificJokeStatusCodeTest(tests.api.JokesTestSuite)" classname="tests.api.JokesTestSuite" time="0.394">
    <failure message="1 expectation failed.&#10;Expected status code &lt;200&gt; but was &lt;404&gt;.&#10;" type="java.lang.AssertionError"><![CDATA[java.lang.AssertionError: 
1 expectation failed.
Expected status code <200> but was <404>.

	at tests.api.JokesTestSuite.fetchSpecificJokeStatusCodeTest(JokesTestSuite.java:177)
]]></failure>
    <system-out><![CDATA[2022-06-10 08:47:05 INFO  JokesTestSuite:37 - Starting the tests
2022-06-10 08:47:05 INFO  JokesTestSuite:257 - Tests finished.
]]></system-out>
  </testcase>
  <testcase name="changeTheNameOfTheMainCharacterStatusCodeTest on changeTheNameOfTheMainCharacterStatusCodeTest(tests.api.JokesTestSuite)" classname="tests.api.JokesTestSuite" time="0.582">
    <failure message="1 expectation failed.&#10;Expected status code &lt;200&gt; but was &lt;404&gt;.&#10;" type="java.lang.AssertionError"><![CDATA[java.lang.AssertionError: 
1 expectation failed.
Expected status code <200> but was <404>.

	at tests.api.JokesTestSuite.changeTheNameOfTheMainCharacterStatusCodeTest(JokesTestSuite.java:89)
]]></failure>
    <system-out><![CDATA[2022-06-10 08:47:05 INFO  JokesTestSuite:37 - Starting the tests
2022-06-10 08:47:06 INFO  JokesTestSuite:257 - Tests finished.
]]></system-out>
  </testcase>
  <testcase name="fetchSpecificJokeResponseTypeTest on fetchSpecificJokeResponseTypeTest(tests.api.JokesTestSuite)" classname="tests.api.JokesTestSuite" time="0.432">
    <failure message="Cannot parse object because no supported Content-Type was specified in response. Content-Type was &apos;text/html; charset=utf-8&apos;." type="java.lang.IllegalStateException">java.lang.IllegalStateException: Cannot parse object because no supported Content-Type was specified in response. Content-Type was 'text/html; charset=utf-8'.
	at tests.api.JokesTestSuite.fetchSpecificJokeResponseTypeTest(JokesTestSuite.java:190)
</failure>
    <system-out><![CDATA[2022-06-10 08:47:06 INFO  JokesTestSuite:37 - Starting the tests
2022-06-10 08:47:06 INFO  JokesTestSuite:257 - Tests finished.
]]></system-out>
  </testcase>
  <testcase name="fetchRandomJokeResponseTypeTest on fetchRandomJokeResponseTypeTest(tests.api.JokesTestSuite)" classname="tests.api.JokesTestSuite" time="0.567">
    <failure message="Cannot parse object because no supported Content-Type was specified in response. Content-Type was &apos;text/html; charset=utf-8&apos;." type="java.lang.IllegalStateException">java.lang.IllegalStateException: Cannot parse object because no supported Content-Type was specified in response. Content-Type was 'text/html; charset=utf-8'.
	at tests.api.JokesTestSuite.fetchRandomJokeResponseTypeTest(JokesTestSuite.java:59)
</failure>
    <system-out><![CDATA[2022-06-10 08:47:06 INFO  JokesTestSuite:37 - Starting the tests
2022-06-10 08:47:07 INFO  JokesTestSuite:257 - Tests finished.
]]></system-out>
  </testcase>
</testsuite>