<?xml version="1.0" encoding="UTF-8"?>
<!-- Generated by org.testng.reporters.JUnitReportReporter -->
<testsuite hostname="Itexus-0066" failures="0" tests="1" name="tests.BookingLoginTest" time="5.929" errors="0" timestamp="2022-05-14T20:02:21 MSK" skipped="0">
  <testcase classname="tests.BookingLoginTest" name="getMainpage" time="5.929"/>
  <system-out/>
</testsuite> <!-- tests.BookingLoginTest -->
