<?xml version="1.0" encoding="UTF-8"?>
<!-- Generated by org.testng.reporters.JUnitReportReporter -->
<testsuite hostname="Itexus-0066" failures="0" tests="5" name="tests.api.SearchTest" time="5.632" errors="0" timestamp="2022-05-24T22:15:25 MSK" skipped="0">
  <testcase classname="tests.api.SearchTest" name="searchByPartialNameShortTest" time="0.897"/>
  <system-out/>
  <testcase classname="tests.api.SearchTest" name="searchByFullNameShortTest" time="0.954"/>
  <system-out/>
  <testcase classname="tests.api.SearchTest" name="searchByFullNameLongTest" time="1.994"/>
  <system-out/>
  <testcase classname="tests.api.SearchTest" name="searchAllUsersTest" time="0.929"/>
  <system-out/>
  <testcase classname="tests.api.SearchTest" name="searchByPartialNameLongTest" time="0.858"/>
  <system-out/>
</testsuite> <!-- tests.api.SearchTest -->
