<?xml version="1.0" encoding="UTF-8"?>
<!-- Generated by org.testng.reporters.JUnitReportReporter -->
<testsuite hostname="Itexus-0066" failures="0" tests="5" name="tests.api.SearchTest" time="7.428" errors="0" timestamp="2022-06-10T08:47:07 MSK" skipped="0">
  <testcase classname="tests.api.SearchTest" name="searchByFullNameLongTest" time="1.898"/>
  <system-out/>
  <testcase classname="tests.api.SearchTest" name="searchByPartialNameLongTest" time="1.071"/>
  <system-out/>
  <testcase classname="tests.api.SearchTest" name="searchByFullNameShortTest" time="1.691"/>
  <system-out/>
  <testcase classname="tests.api.SearchTest" name="searchByPartialNameShortTest" time="1.277"/>
  <system-out/>
  <testcase classname="tests.api.SearchTest" name="searchAllUsersTest" time="1.491"/>
  <system-out/>
</testsuite> <!-- tests.api.SearchTest -->
